<?xml version="1.0" encoding="UTF-8"?>
<testsuite xmlns:xsi="http://www.w3.org/2001/XMLSchema-instance" xsi:noNamespaceSchemaLocation="https://maven.apache.org/surefire/maven-surefire-plugin/xsd/surefire-test-report-3.0.xsd" version="3.0" name="BonkersTest" time="0.031" tests="1" errors="0" skipped="0" failures="0">
  <properties>
    <property name="java.specification.version" value="25"/>
    <property name="sun.jnu.encoding" value="UTF-8"/>
    <property name="java.class.path" value="/Users/sachalouro/code/Java/bonkers/target/test-classes:/Users/sachalouro/code/Java/bonkers/target/classes:/Users/sachalouro/.m2/repository/junit/junit/4.13.2/junit-4.13.2.jar:/Users/sachalouro/.m2/repository/org/hamcrest/hamcrest-core/1.3/hamcrest-core-1.3.jar:"/>
    <property name="java.vm.vendor" value="Oracle Corporation"/>
    <property name="sun.arch.data.model" value="64"/>
    <property name="java.vendor.url" value="https://java.oracle.com/"/>
    <property name="os.name" value="Mac OS X"/>
    <property name="java.vm.specification.version" value="25"/>
    <property name="user.country" value="US"/>
    <property name="sun.java.launcher" value="SUN_STANDARD"/>
    <property name="sun.boot.library.path" value="/Library/Java/JavaVirtualMachines/jdk-25.jdk/Contents/Home/lib"/>
    <property name="sun.java.command" value="/Users/sachalouro/code/Java/bonkers/target/surefire/surefirebooter-20251026133846638_3.jar /Users/sachalouro/code/Java/bonkers/target/surefire 2025-10-26T13-38-46_594-jvmRun1 surefire-20251026133846638_1tmp surefire_0-20251026133846638_2tmp"/>
    <property name="http.nonProxyHosts" value="local|*.local|169.254/16|*.169.254/16"/>
    <property name="jdk.debug" value="release"/>
    <property name="test" value="BonkersTest#testGenerateSecretNum2"/>
    <property name="surefire.test.class.path" value="/Users/sachalouro/code/Java/bonkers/target/test-classes:/Users/sachalouro/code/Java/bonkers/target/classes:/Users/sachalouro/.m2/repository/junit/junit/4.13.2/junit-4.13.2.jar:/Users/sachalouro/.m2/repository/org/hamcrest/hamcrest-core/1.3/hamcrest-core-1.3.jar:"/>
    <property name="sun.cpu.endian" value="little"/>
    <property name="user.home" value="/Users/sachalouro"/>
    <property name="user.language" value="en"/>
    <property name="java.specification.vendor" value="Oracle Corporation"/>
    <property name="java.version.date" value="2025-09-16"/>
    <property name="java.home" value="/Library/Java/JavaVirtualMachines/jdk-25.jdk/Contents/Home"/>
    <property name="file.separator" value="/"/>
    <property name="basedir" value="/Users/sachalouro/code/Java/bonkers"/>
    <property name="java.vm.compressedOopsMode" value="Zero based"/>
    <property name="line.separator" value="&#10;"/>
    <property name="java.vm.specification.vendor" value="Oracle Corporation"/>
    <property name="java.specification.name" value="Java Platform API Specification"/>
    <property name="apple.awt.application.name" value="ForkedBooter"/>
    <property name="surefire.real.class.path" value="/Users/sachalouro/code/Java/bonkers/target/surefire/surefirebooter-20251026133846638_3.jar"/>
    <property name="sun.management.compiler" value="HotSpot 64-Bit Tiered Compilers"/>
    <property name="ftp.nonProxyHosts" value="local|*.local|169.254/16|*.169.254/16"/>
    <property name="java.runtime.version" value="25+37-LTS-3491"/>
    <property name="user.name" value="Mac512"/>
    <property name="stdout.encoding" value="UTF-8"/>
    <property name="path.separator" value=":"/>
    <property name="os.version" value="26.1"/>
    <property name="java.runtime.name" value="Java(TM) SE Runtime Environment"/>
    <property name="file.encoding" value="UTF-8"/>
    <property name="java.vm.name" value="Java HotSpot(TM) 64-Bit Server VM"/>
    <property name="maven.ext.class.path" value="/Users/sachalouro/.vscode/extensions/oracle.oracle-java-24.1.2/nbcode/java/maven-nblib/netbeans-eventspy.jar"/>
    <property name="localRepository" value="/Users/sachalouro/.m2/repository"/>
    <property name="java.vendor.url.bug" value="https://bugreport.java.com/bugreport/"/>
    <property name="java.io.tmpdir" value="/var/folders/k_/5pl9pq951wgc0cl6fpjf0yf80000gn/T/"/>
    <property name="java.version" value="25"/>
    <property name="user.dir" value="/Users/sachalouro/code/Java/bonkers"/>
    <property name="os.arch" value="aarch64"/>
    <property name="java.vm.specification.name" value="Java Virtual Machine Specification"/>
    <property name="native.encoding" value="UTF-8"/>
    <property name="java.library.path" value="/Users/sachalouro/Library/Java/Extensions:/Library/Java/Extensions:/Network/Library/Java/Extensions:/System/Library/Java/Extensions:/usr/lib/java:."/>
    <property name="java.vm.info" value="mixed mode, sharing"/>
    <property name="stderr.encoding" value="UTF-8"/>
    <property name="java.vendor" value="Oracle Corporation"/>
    <property name="java.vm.version" value="25+37-LTS-3491"/>
    <property name="stdin.encoding" value="UTF-8"/>
    <property name="sun.io.unicode.encoding" value="UnicodeBig"/>
    <property name="socksNonProxyHosts" value="local|*.local|169.254/16|*.169.254/16"/>
    <property name="java.class.version" value="69.0"/>
  </properties>
  <testcase name="testGenerateSecretNum2" classname="BonkersTest" time="0.009"/>
</testsuite>